let array =["king","Dune","Jaws","Cut","Eve","First Prize","Whale Fall","Very Cold People","Insurgent","Stephen King"]

array.splice(9,11,'Educated')

array.splice(9,12,'Educated')

array[0]= 'Queen'

array(9,1)

array(3,1)

array.splice(3,1)

price=80+80*0.15

price2=90+90*0.15

price3=92+92*0.15

Price4=79+79*0.15

Price5=81+81*0.15

Price6=82+82*0.15

Price7=77+77*0.15

Price8=78+78*0.15

Price9=83+83*0.15

Price10=76+76*0.15

total=price1+price2+price3+price4+price5+price6+price7+price8+price9+price10

total=price1+price2+price3+price4+price5+price6+price7+price8+price9+price10

total=price+price2+price3+price4+price5+price6+price7+price8+price9+price10

total=price+price2+price3+price5+price6+price7+price8+price9+price10


total+=(80+80*0.15+90+90*0.15+92+92*0.15+79+79*0.15+81+81*0.15+82+82*0.15+77+77*0.15+78+78*0.15+83+83*0.15+76+76*0.15)
